<?xml version="1.0" encoding="UTF-8"?>
<!-- Generated by org.testng.reporters.JUnitReportReporter -->
<testsuite hostname="ALEXIS-PC" failures="0" tests="1" name="test.TestExamples_SOAPXMLRequest" time="2.080" errors="0" timestamp="2023-05-29T08:49:35 CST" skipped="0">
  <testcase classname="test.TestExamples_SOAPXMLRequest" name="test01" time="2.080"/>
  <system-out/>
</testsuite> <!-- test.TestExamples_SOAPXMLRequest -->
