<?xml version="1.0" encoding="UTF-8"?>
<!-- Generated by org.testng.reporters.JUnitReportReporter -->
<testsuite hostname="ALEXIS-PC" failures="0" tests="1" name="test.TestExamples_FakeServer" time="1.332" errors="0" timestamp="2023-06-05T15:13:41 CST" skipped="0">
  <testcase classname="test.TestExamples_FakeServer" name="test00_GET" time="1.332"/>
  <system-out/>
</testsuite> <!-- test.TestExamples_FakeServer -->
