<?xml version="1.0" encoding="UTF-8"?>
<!-- Generated by org.testng.reporters.JUnitReportReporter -->
<testsuite hostname="ALEXIS-PC" failures="0" tests="1" name="test.TestExamples_FakeServer" time="1.367" errors="0" timestamp="2023-06-05T14:24:02 CST" skipped="0">
  <testcase classname="test.TestExamples_FakeServer" name="test05_DELETE" time="1.367"/>
  <system-out/>
</testsuite> <!-- test.TestExamples_FakeServer -->
