<?xml version="1.0" encoding="UTF-8"?>
<!-- Generated by org.testng.reporters.JUnitReportReporter -->
<testsuite hostname="ALEXIS-PC" failures="0" tests="1" name="test.TestExamples" time="1.758" errors="0" timestamp="2023-05-27T14:29:01 CST" skipped="0">
  <testcase classname="test.TestExamples" name="test06_DELETE" time="1.758"/>
  <system-out/>
</testsuite> <!-- test.TestExamples -->
