<?xml version="1.0" encoding="UTF-8"?>
<!-- Generated by org.testng.reporters.JUnitReportReporter -->
<testsuite hostname="ALEXIS-PC" failures="0" tests="1" name="test.TestExamples_JSONSchema" time="2.100" errors="0" timestamp="2023-05-29T08:35:53 CST" skipped="0">
  <testcase classname="test.TestExamples_JSONSchema" name="test07_JSONSchema" time="2.100"/>
  <system-out/>
</testsuite> <!-- test.TestExamples_JSONSchema -->
